0 info it worked if it ends with ok
1 verbose cli [ '/usr/local/bin/node', '/usr/local/bin/npm', 'run', 'test' ]
2 info using npm@3.10.10
3 info using node@v6.10.0
4 verbose run-script [ 'pretest', 'test', 'posttest' ]
5 info lifecycle boilerplate-files@1.0.0~pretest: boilerplate-files@1.0.0
6 silly lifecycle boilerplate-files@1.0.0~pretest: no script for pretest, continuing
7 info lifecycle boilerplate-files@1.0.0~test: boilerplate-files@1.0.0
8 verbose lifecycle boilerplate-files@1.0.0~test: unsafe-perm in lifecycle true
9 verbose lifecycle boilerplate-files@1.0.0~test: PATH: /usr/local/lib/node_modules/npm/bin/node-gyp-bin:/Users/ross/Desktop/JobPrep/boilerplate-files/node_modules/.bin:/Library/Frameworks/Python.framework/Versions/3.6/bin:/usr/local/bin:/usr/bin:/bin:/usr/sbin:/sbin:/Applications/Postgres.app/Contents/Versions/latest/bin
10 verbose lifecycle boilerplate-files@1.0.0~test: CWD: /Users/ross/Desktop/JobPrep/boilerplate-files
11 silly lifecycle boilerplate-files@1.0.0~test: Args: [ '-c', 'mocha tests/*.spec.js --compilers js:babel-register' ]
12 silly lifecycle boilerplate-files@1.0.0~test: Returned: code: 1  signal: null
13 info lifecycle boilerplate-files@1.0.0~test: Failed to exec test script
14 verbose stack Error: boilerplate-files@1.0.0 test: `mocha tests/*.spec.js --compilers js:babel-register`
14 verbose stack Exit status 1
14 verbose stack     at EventEmitter.<anonymous> (/usr/local/lib/node_modules/npm/lib/utils/lifecycle.js:255:16)
14 verbose stack     at emitTwo (events.js:106:13)
14 verbose stack     at EventEmitter.emit (events.js:191:7)
14 verbose stack     at ChildProcess.<anonymous> (/usr/local/lib/node_modules/npm/lib/utils/spawn.js:40:14)
14 verbose stack     at emitTwo (events.js:106:13)
14 verbose stack     at ChildProcess.emit (events.js:191:7)
14 verbose stack     at maybeClose (internal/child_process.js:877:16)
14 verbose stack     at Process.ChildProcess._handle.onexit (internal/child_process.js:226:5)
15 verbose pkgid boilerplate-files@1.0.0
16 verbose cwd /Users/ross/Desktop/JobPrep/boilerplate-files
17 error Darwin 16.7.0
18 error argv "/usr/local/bin/node" "/usr/local/bin/npm" "run" "test"
19 error node v6.10.0
20 error npm  v3.10.10
21 error code ELIFECYCLE
22 error boilerplate-files@1.0.0 test: `mocha tests/*.spec.js --compilers js:babel-register`
22 error Exit status 1
23 error Failed at the boilerplate-files@1.0.0 test script 'mocha tests/*.spec.js --compilers js:babel-register'.
23 error Make sure you have the latest version of node.js and npm installed.
23 error If you do, this is most likely a problem with the boilerplate-files package,
23 error not with npm itself.
23 error Tell the author that this fails on your system:
23 error     mocha tests/*.spec.js --compilers js:babel-register
23 error You can get information on how to open an issue for this project with:
23 error     npm bugs boilerplate-files
23 error Or if that isn't available, you can get their info via:
23 error     npm owner ls boilerplate-files
23 error There is likely additional logging output above.
24 verbose exit [ 1, true ]
